[1109/094039.931:ERROR:directory_reader_win.cc(43)] FindFirstFile: The system cannot find the path specified. (0x3)
[1110/090626.829:ERROR:directory_reader_win.cc(43)] FindFirstFile: The system cannot find the path specified. (0x3)
[1110/091059.387:ERROR:process_reader_win.cc(123)] NtOpenThread: {Access Denied} A process has requested access to an object, but has not been granted those access rights. (0xc0000022)
[1110/091059.388:ERROR:exception_snapshot_win.cc(99)] thread ID 17440 not found in process
[1110/091059.411:ERROR:process_reader_win.cc(123)] NtOpenThread: {Access Denied} A process has requested access to an object, but has not been granted those access rights. (0xc0000022)
[1110/091059.411:ERROR:exception_snapshot_win.cc(99)] thread ID 18884 not found in process
[1110/092415.205:ERROR:directory_reader_win.cc(43)] FindFirstFile: The system cannot find the path specified. (0x3)
[1201/130906.007:ERROR:process_reader_win.cc(123)] NtOpenThread: {Access Denied} A process has requested access to an object, but has not been granted those access rights. (0xc0000022)
[1201/130906.017:ERROR:process_reader_win.cc(123)] NtOpenThread: {Access Denied} A process has requested access to an object, but has not been granted those access rights. (0xc0000022)
[1201/130906.026:ERROR:exception_snapshot_win.cc(99)] thread ID 16260 not found in process
[1201/130906.026:ERROR:exception_snapshot_win.cc(99)] thread ID 32 not found in process
[1201/133729.838:ERROR:directory_reader_win.cc(43)] FindFirstFile: The system cannot find the path specified. (0x3)
[1201/195240.695:ERROR:directory_reader_win.cc(43)] FindFirstFile: The system cannot find the path specified. (0x3)
[1201/195314.918:ERROR:directory_reader_win.cc(43)] FindFirstFile: The system cannot find the path specified. (0x3)
[1201/213037.838:ERROR:directory_reader_win.cc(43)] FindFirstFile: The system cannot find the path specified. (0x3)
[1201/213126.492:ERROR:directory_reader_win.cc(43)] FindFirstFile: The system cannot find the path specified. (0x3)
[1201/213200.271:ERROR:directory_reader_win.cc(43)] FindFirstFile: The system cannot find the path specified. (0x3)
[1201/213249.135:ERROR:directory_reader_win.cc(43)] FindFirstFile: The system cannot find the path specified. (0x3)
[1201/213343.082:ERROR:directory_reader_win.cc(43)] FindFirstFile: The system cannot find the path specified. (0x3)
[1201/213440.631:ERROR:directory_reader_win.cc(43)] FindFirstFile: The system cannot find the path specified. (0x3)
[1201/213550.705:ERROR:directory_reader_win.cc(43)] FindFirstFile: The system cannot find the path specified. (0x3)
[1201/213654.051:ERROR:directory_reader_win.cc(43)] FindFirstFile: The system cannot find the path specified. (0x3)
[1201/215423.852:ERROR:directory_reader_win.cc(43)] FindFirstFile: The system cannot find the path specified. (0x3)
[1201/215609.708:ERROR:directory_reader_win.cc(43)] FindFirstFile: The system cannot find the path specified. (0x3)
[1201/215729.437:ERROR:directory_reader_win.cc(43)] FindFirstFile: The system cannot find the path specified. (0x3)
[1201/220823.592:ERROR:directory_reader_win.cc(43)] FindFirstFile: The system cannot find the path specified. (0x3)
[1201/221824.408:ERROR:directory_reader_win.cc(43)] FindFirstFile: The system cannot find the path specified. (0x3)
[1201/221939.068:ERROR:directory_reader_win.cc(43)] FindFirstFile: The system cannot find the path specified. (0x3)
[1201/222616.492:ERROR:process_reader_win.cc(151)] SuspendThread: Access is denied. (0x5)
[1201/222616.492:ERROR:process_reader_win.cc(151)] SuspendThread: Access is denied. (0x5)
[1201/222616.492:ERROR:process_reader_win.cc(151)] SuspendThread: Access is denied. (0x5)
[1201/222616.492:ERROR:process_reader_win.cc(151)] SuspendThread: Access is denied. (0x5)
[1201/222616.492:ERROR:process_reader_win.cc(151)] SuspendThread: Access is denied. (0x5)
[1201/222616.492:ERROR:process_reader_win.cc(151)] SuspendThread: Access is denied. (0x5)
[1201/222616.492:ERROR:process_reader_win.cc(151)] SuspendThread: Access is denied. (0x5)
[1201/222616.493:ERROR:process_reader_win.cc(151)] SuspendThread: Access is denied. (0x5)
[1201/222616.526:ERROR:process_reader_win.cc(151)] SuspendThread: Access is denied. (0x5)
[1201/222616.475:ERROR:process_reader_win.cc(123)] NtOpenThread: {Access Denied} A process has requested access to an object, but has not been granted those access rights. (0xc0000022)
[1201/222616.476:ERROR:process_reader_win.cc(123)] NtOpenThread: {Access Denied} A process has requested access to an object, but has not been granted those access rights. (0xc0000022)
[1201/222616.509:ERROR:process_reader_win.cc(151)] SuspendThread: Access is denied. (0x5)
[1201/222616.526:ERROR:exception_snapshot_win.cc(99)] thread ID 5716 not found in process
[1201/222616.514:ERROR:process_reader_win.cc(151)] SuspendThread: Access is denied. (0x5)
[1201/222616.526:ERROR:process_reader_win.cc(151)] SuspendThread: Access is denied. (0x5)
[1201/222616.506:ERROR:process_reader_win.cc(123)] NtOpenThread: {Access Denied} A process has requested access to an object, but has not been granted those access rights. (0xc0000022)
[1201/222616.526:ERROR:process_reader_win.cc(151)] SuspendThread: Access is denied. (0x5)
[1201/222616.526:ERROR:process_reader_win.cc(151)] SuspendThread: Access is denied. (0x5)
[1201/222616.526:ERROR:process_reader_win.cc(151)] SuspendThread: Access is denied. (0x5)
[1201/222616.526:ERROR:exception_snapshot_win.cc(99)] thread ID 20488 not found in process
[1201/222616.526:ERROR:process_reader_win.cc(151)] SuspendThread: Access is denied. (0x5)
[1201/222616.526:ERROR:process_reader_win.cc(151)] SuspendThread: Access is denied. (0x5)
[1201/222616.526:ERROR:process_reader_win.cc(151)] SuspendThread: Access is denied. (0x5)
[1201/222616.526:ERROR:process_reader_win.cc(151)] SuspendThread: Access is denied. (0x5)
[1201/222616.526:ERROR:process_reader_win.cc(151)] SuspendThread: Access is denied. (0x5)
[1201/222616.526:ERROR:process_reader_win.cc(151)] SuspendThread: Access is denied. (0x5)
[1201/222616.526:ERROR:process_reader_win.cc(151)] SuspendThread: Access is denied. (0x5)
[1201/222616.526:ERROR:process_reader_win.cc(151)] SuspendThread: Access is denied. (0x5)
[1201/222616.526:ERROR:process_reader_win.cc(123)] NtOpenThread: {Access Denied} A process has requested access to an object, but has not been granted those access rights. (0xc0000022)
[1201/222616.526:ERROR:exception_snapshot_win.cc(99)] thread ID 22200 not found in process
[1201/222616.526:ERROR:process_reader_win.cc(151)] SuspendThread: Access is denied. (0x5)
[1201/222616.503:ERROR:process_reader_win.cc(151)] SuspendThread: Access is denied. (0x5)
[1201/222616.526:ERROR:process_reader_win.cc(151)] SuspendThread: Access is denied. (0x5)
[1201/222616.526:ERROR:process_reader_win.cc(151)] SuspendThread: Access is denied. (0x5)
[1201/222616.526:ERROR:process_reader_win.cc(151)] SuspendThread: Access is denied. (0x5)
[1201/222616.526:ERROR:process_reader_win.cc(151)] SuspendThread: Access is denied. (0x5)
[1201/222616.526:ERROR:process_reader_win.cc(151)] SuspendThread: Access is denied. (0x5)
[1201/222616.526:ERROR:process_reader_win.cc(151)] SuspendThread: Access is denied. (0x5)
[1201/222616.526:ERROR:process_reader_win.cc(151)] SuspendThread: Access is denied. (0x5)
[1201/222616.526:ERROR:process_reader_win.cc(151)] SuspendThread: Access is denied. (0x5)
[1201/222616.526:ERROR:process_reader_win.cc(151)] SuspendThread: Access is denied. (0x5)
[1201/222616.526:ERROR:process_reader_win.cc(151)] SuspendThread: Access is denied. (0x5)
[1201/222616.526:ERROR:process_reader_win.cc(151)] SuspendThread: Access is denied. (0x5)
[1201/222616.526:ERROR:process_reader_win.cc(151)] SuspendThread: Access is denied. (0x5)
[1201/222616.526:ERROR:process_reader_win.cc(151)] SuspendThread: Access is denied. (0x5)
[1201/222616.526:ERROR:process_reader_win.cc(123)] NtOpenThread: {Access Denied} A process has requested access to an object, but has not been granted those access rights. (0xc0000022)
[1201/222616.526:ERROR:process_reader_win.cc(151)] SuspendThread: Access is denied. (0x5)
[1201/222616.497:ERROR:process_reader_win.cc(151)] SuspendThread: Access is denied. (0x5)
[1201/222616.526:ERROR:process_reader_win.cc(151)] SuspendThread: Access is denied. (0x5)
[1201/222616.526:ERROR:exception_snapshot_win.cc(99)] thread ID 7716 not found in process
[1201/222616.526:ERROR:exception_snapshot_win.cc(99)] thread ID 4440 not found in process
[1201/222616.526:ERROR:process_reader_win.cc(151)] SuspendThread: Access is denied. (0x5)
[1201/222616.526:ERROR:process_reader_win.cc(151)] SuspendThread: Access is denied. (0x5)
[1201/222616.526:ERROR:process_reader_win.cc(151)] SuspendThread: Access is denied. (0x5)
[1201/222616.540:ERROR:process_reader_win.cc(151)] SuspendThread: Access is denied. (0x5)
[1201/222616.540:ERROR:process_reader_win.cc(151)] SuspendThread: Access is denied. (0x5)
[1201/222616.540:ERROR:process_reader_win.cc(151)] SuspendThread: Access is denied. (0x5)
[1201/222616.540:ERROR:process_reader_win.cc(151)] SuspendThread: Access is denied. (0x5)
[1201/222616.540:ERROR:process_reader_win.cc(151)] SuspendThread: Access is denied. (0x5)
[1201/222616.540:ERROR:process_reader_win.cc(151)] SuspendThread: Access is denied. (0x5)
[1201/222616.540:ERROR:process_reader_win.cc(151)] SuspendThread: Access is denied. (0x5)
[1201/222616.540:ERROR:process_reader_win.cc(151)] SuspendThread: Access is denied. (0x5)
[1201/222616.540:ERROR:process_reader_win.cc(151)] SuspendThread: Access is denied. (0x5)
[1201/222616.540:ERROR:process_reader_win.cc(151)] SuspendThread: Access is denied. (0x5)
[1201/222616.540:ERROR:process_reader_win.cc(151)] SuspendThread: Access is denied. (0x5)
[1201/222616.540:ERROR:process_reader_win.cc(151)] SuspendThread: Access is denied. (0x5)
[1201/222616.540:ERROR:process_reader_win.cc(151)] SuspendThread: Access is denied. (0x5)
[1201/222616.540:ERROR:process_reader_win.cc(123)] NtOpenThread: {Access Denied} A process has requested access to an object, but has not been granted those access rights. (0xc0000022)
[1201/222616.540:ERROR:exception_snapshot_win.cc(99)] thread ID 24580 not found in process
[1201/222616.540:ERROR:process_reader_win.cc(123)] NtOpenThread: {Access Denied} A process has requested access to an object, but has not been granted those access rights. (0xc0000022)
[1201/222616.541:ERROR:exception_snapshot_win.cc(99)] thread ID 20712 not found in process
[1201/222616.540:ERROR:process_reader_win.cc(151)] SuspendThread: Access is denied. (0x5)
[1201/222616.541:ERROR:process_reader_win.cc(151)] SuspendThread: Access is denied. (0x5)
[1201/222616.541:ERROR:process_reader_win.cc(151)] SuspendThread: Access is denied. (0x5)
[1201/222616.541:ERROR:process_reader_win.cc(151)] SuspendThread: Access is denied. (0x5)
[1201/222616.541:ERROR:process_reader_win.cc(123)] NtOpenThread: {Access Denied} A process has requested access to an object, but has not been granted those access rights. (0xc0000022)
[1201/222616.541:ERROR:exception_snapshot_win.cc(99)] thread ID 8660 not found in process
[1201/222616.542:ERROR:process_reader_win.cc(151)] SuspendThread: Access is denied. (0x5)
[1201/222616.542:ERROR:process_reader_win.cc(151)] SuspendThread: Access is denied. (0x5)
[1201/222616.542:ERROR:process_reader_win.cc(151)] SuspendThread: Access is denied. (0x5)
[1201/222616.542:ERROR:process_reader_win.cc(151)] SuspendThread: Access is denied. (0x5)
[1201/222616.542:ERROR:process_reader_win.cc(151)] SuspendThread: Access is denied. (0x5)
[1201/222616.542:ERROR:process_reader_win.cc(151)] SuspendThread: Access is denied. (0x5)
[1201/222616.542:ERROR:process_reader_win.cc(151)] SuspendThread: Access is denied. (0x5)
[1201/222616.542:ERROR:process_reader_win.cc(151)] SuspendThread: Access is denied. (0x5)
[1201/222616.542:ERROR:process_reader_win.cc(151)] SuspendThread: Access is denied. (0x5)
[1201/222616.542:ERROR:process_reader_win.cc(123)] NtOpenThread: {Access Denied} A process has requested access to an object, but has not been granted those access rights. (0xc0000022)
[1201/222616.543:ERROR:exception_snapshot_win.cc(99)] thread ID 2068 not found in process
[1201/222616.543:ERROR:process_reader_win.cc(151)] SuspendThread: Access is denied. (0x5)
[1201/222616.544:ERROR:process_reader_win.cc(151)] SuspendThread: Access is denied. (0x5)
[1201/222616.544:ERROR:process_reader_win.cc(151)] SuspendThread: Access is denied. (0x5)
[1201/222616.544:ERROR:process_reader_win.cc(151)] SuspendThread: Access is denied. (0x5)
[1201/222616.544:ERROR:process_reader_win.cc(151)] SuspendThread: Access is denied. (0x5)
[1201/222616.544:ERROR:process_reader_win.cc(123)] NtOpenThread: {Access Denied} A process has requested access to an object, but has not been granted those access rights. (0xc0000022)
[1201/222616.544:ERROR:exception_snapshot_win.cc(99)] thread ID 20228 not found in process
[1201/222616.499:ERROR:process_reader_win.cc(123)] NtOpenThread: {Access Denied} A process has requested access to an object, but has not been granted those access rights. (0xc0000022)
[1201/222616.544:ERROR:process_reader_win.cc(151)] SuspendThread: Access is denied. (0x5)
[1201/222616.544:ERROR:exception_snapshot_win.cc(99)] thread ID 3108 not found in process
[1201/222616.544:ERROR:process_reader_win.cc(151)] SuspendThread: Access is denied. (0x5)
[1201/222616.544:ERROR:process_reader_win.cc(151)] SuspendThread: Access is denied. (0x5)
[1201/222616.544:ERROR:process_reader_win.cc(151)] SuspendThread: Access is denied. (0x5)
[1201/222616.544:ERROR:process_reader_win.cc(151)] SuspendThread: Access is denied. (0x5)
[1201/222616.544:ERROR:process_reader_win.cc(151)] SuspendThread: Access is denied. (0x5)
[1201/222616.544:ERROR:process_reader_win.cc(151)] SuspendThread: Access is denied. (0x5)
[1201/222616.544:ERROR:process_reader_win.cc(151)] SuspendThread: Access is denied. (0x5)
[1201/222616.544:ERROR:process_reader_win.cc(151)] SuspendThread: Access is denied. (0x5)
[1201/222616.544:ERROR:process_reader_win.cc(151)] SuspendThread: Access is denied. (0x5)
[1201/222616.544:ERROR:process_reader_win.cc(123)] NtOpenThread: {Access Denied} A process has requested access to an object, but has not been granted those access rights. (0xc0000022)
[1201/222616.544:ERROR:exception_snapshot_win.cc(99)] thread ID 10060 not found in process
[1201/222616.540:ERROR:process_reader_win.cc(123)] NtOpenThread: {Access Denied} A process has requested access to an object, but has not been granted those access rights. (0xc0000022)
[1201/222616.545:ERROR:exception_snapshot_win.cc(99)] thread ID 11828 not found in process
[1201/222616.540:ERROR:process_reader_win.cc(123)] NtOpenThread: {Access Denied} A process has requested access to an object, but has not been granted those access rights. (0xc0000022)
[1201/222616.545:ERROR:exception_snapshot_win.cc(99)] thread ID 20500 not found in process
[1201/222616.546:ERROR:process_reader_win.cc(123)] NtOpenThread: {Access Denied} A process has requested access to an object, but has not been granted those access rights. (0xc0000022)
[1201/222616.546:ERROR:exception_snapshot_win.cc(99)] thread ID 4228 not found in process
[1201/222616.553:ERROR:process_reader_win.cc(123)] NtOpenThread: {Access Denied} A process has requested access to an object, but has not been granted those access rights. (0xc0000022)
[1201/222616.553:ERROR:exception_snapshot_win.cc(99)] thread ID 18304 not found in process
[1201/222616.560:ERROR:process_reader_win.cc(151)] SuspendThread: Access is denied. (0x5)
[1201/222616.560:ERROR:process_reader_win.cc(123)] NtOpenThread: {Access Denied} A process has requested access to an object, but has not been granted those access rights. (0xc0000022)
[1201/222616.560:ERROR:exception_snapshot_win.cc(99)] thread ID 7956 not found in process
[1201/222616.563:ERROR:process_reader_win.cc(123)] NtOpenThread: {Access Denied} A process has requested access to an object, but has not been granted those access rights. (0xc0000022)
[1201/222616.563:ERROR:exception_snapshot_win.cc(99)] thread ID 23052 not found in process
[1201/222616.563:ERROR:process_reader_win.cc(123)] NtOpenThread: {Access Denied} A process has requested access to an object, but has not been granted those access rights. (0xc0000022)
[1201/222616.563:ERROR:exception_snapshot_win.cc(99)] thread ID 5664 not found in process
[1201/224321.018:ERROR:directory_reader_win.cc(43)] FindFirstFile: The system cannot find the path specified. (0x3)
[1201/224336.108:ERROR:directory_reader_win.cc(43)] FindFirstFile: The system cannot find the path specified. (0x3)
[1202/123023.740:ERROR:registration_protocol_win.cc(131)] TransactNamedPipe: The pipe has been ended. (0x6D)
[1202/125850.978:ERROR:process_reader_win.cc(123)] NtOpenThread: {Access Denied} A process has requested access to an object, but has not been granted those access rights. (0xc0000022)
[1202/125850.979:ERROR:exception_snapshot_win.cc(99)] thread ID 11816 not found in process
[1202/125850.978:ERROR:process_reader_win.cc(123)] NtOpenThread: {Access Denied} A process has requested access to an object, but has not been granted those access rights. (0xc0000022)
[1202/125850.979:ERROR:exception_snapshot_win.cc(99)] thread ID 1156 not found in process
[1202/125850.995:ERROR:process_reader_win.cc(123)] NtOpenThread: {Access Denied} A process has requested access to an object, but has not been granted those access rights. (0xc0000022)
[1202/125850.995:ERROR:exception_snapshot_win.cc(99)] thread ID 11364 not found in process
[1202/125850.997:ERROR:process_reader_win.cc(123)] NtOpenThread: {Access Denied} A process has requested access to an object, but has not been granted those access rights. (0xc0000022)
[1202/125850.997:ERROR:exception_snapshot_win.cc(99)] thread ID 14936 not found in process
[1202/130908.581:ERROR:process_reader_win.cc(123)] NtOpenThread: {Access Denied} A process has requested access to an object, but has not been granted those access rights. (0xc0000022)
[1202/130908.582:ERROR:exception_snapshot_win.cc(99)] thread ID 15808 not found in process
[1202/130908.581:ERROR:process_reader_win.cc(123)] NtOpenThread: {Access Denied} A process has requested access to an object, but has not been granted those access rights. (0xc0000022)
[1202/130908.582:ERROR:exception_snapshot_win.cc(99)] thread ID 9156 not found in process
[1202/130908.593:ERROR:process_reader_win.cc(123)] NtOpenThread: {Access Denied} A process has requested access to an object, but has not been granted those access rights. (0xc0000022)
[1202/130908.594:ERROR:exception_snapshot_win.cc(99)] thread ID 11136 not found in process
[1202/130908.608:ERROR:process_reader_win.cc(123)] NtOpenThread: {Access Denied} A process has requested access to an object, but has not been granted those access rights. (0xc0000022)
[1202/130908.608:ERROR:exception_snapshot_win.cc(99)] thread ID 15264 not found in process
[1202/130908.610:ERROR:process_reader_win.cc(123)] NtOpenThread: {Access Denied} A process has requested access to an object, but has not been granted those access rights. (0xc0000022)
[1202/130908.610:ERROR:exception_snapshot_win.cc(99)] thread ID 5320 not found in process
[1202/130908.616:ERROR:process_reader_win.cc(123)] NtOpenThread: {Access Denied} A process has requested access to an object, but has not been granted those access rights. (0xc0000022)
[1202/130908.616:ERROR:exception_snapshot_win.cc(99)] thread ID 15912 not found in process
[1202/210839.586:ERROR:directory_reader_win.cc(43)] FindFirstFile: The system cannot find the path specified. (0x3)
[1202/211221.377:ERROR:process_reader_win.cc(123)] NtOpenThread: {Access Denied} A process has requested access to an object, but has not been granted those access rights. (0xc0000022)
[1202/211221.378:ERROR:exception_snapshot_win.cc(99)] thread ID 14948 not found in process
[1202/211221.389:ERROR:process_reader_win.cc(123)] NtOpenThread: {Access Denied} A process has requested access to an object, but has not been granted those access rights. (0xc0000022)
[1202/211221.389:ERROR:exception_snapshot_win.cc(99)] thread ID 4864 not found in process
[1202/215120.430:ERROR:process_reader_win.cc(123)] NtOpenThread: {Access Denied} A process has requested access to an object, but has not been granted those access rights. (0xc0000022)
[1202/215120.431:ERROR:exception_snapshot_win.cc(99)] thread ID 872 not found in process
[1202/215120.442:ERROR:process_reader_win.cc(123)] NtOpenThread: {Access Denied} A process has requested access to an object, but has not been granted those access rights. (0xc0000022)
[1202/215120.477:ERROR:exception_snapshot_win.cc(99)] thread ID 8840 not found in process
[1202/220732.310:ERROR:directory_reader_win.cc(43)] FindFirstFile: The system cannot find the path specified. (0x3)
[1202/221713.929:ERROR:process_reader_win.cc(123)] NtOpenThread: {Access Denied} A process has requested access to an object, but has not been granted those access rights. (0xc0000022)
[1202/221713.929:ERROR:exception_snapshot_win.cc(99)] thread ID 12032 not found in process
[1202/221713.943:ERROR:process_reader_win.cc(123)] NtOpenThread: {Access Denied} A process has requested access to an object, but has not been granted those access rights. (0xc0000022)
[1202/221713.943:ERROR:exception_snapshot_win.cc(99)] thread ID 4696 not found in process
[1202/222022.481:ERROR:process_reader_win.cc(123)] NtOpenThread: {Access Denied} A process has requested access to an object, but has not been granted those access rights. (0xc0000022)
[1202/222022.481:ERROR:exception_snapshot_win.cc(99)] thread ID 224 not found in process
[1202/222022.495:ERROR:process_reader_win.cc(123)] NtOpenThread: {Access Denied} A process has requested access to an object, but has not been granted those access rights. (0xc0000022)
[1202/222022.495:ERROR:exception_snapshot_win.cc(99)] thread ID 15228 not found in process
[1203/083131.022:ERROR:process_reader_win.cc(123)] NtOpenThread: {Access Denied} A process has requested access to an object, but has not been granted those access rights. (0xc0000022)
[1203/083131.059:ERROR:exception_snapshot_win.cc(99)] thread ID 16812 not found in process
[1203/083131.035:ERROR:process_reader_win.cc(123)] NtOpenThread: {Access Denied} A process has requested access to an object, but has not been granted those access rights. (0xc0000022)
[1203/083131.059:ERROR:exception_snapshot_win.cc(99)] thread ID 17560 not found in process
[1203/084015.600:ERROR:process_reader_win.cc(123)] NtOpenThread: {Access Denied} A process has requested access to an object, but has not been granted those access rights. (0xc0000022)
[1203/084015.600:ERROR:exception_snapshot_win.cc(99)] thread ID 2240 not found in process
[1203/084015.615:ERROR:process_reader_win.cc(123)] NtOpenThread: {Access Denied} A process has requested access to an object, but has not been granted those access rights. (0xc0000022)
[1203/084015.615:ERROR:exception_snapshot_win.cc(99)] thread ID 9676 not found in process
[1203/171721.436:ERROR:process_reader_win.cc(123)] NtOpenThread: {Access Denied} A process has requested access to an object, but has not been granted those access rights. (0xc0000022)
[1203/171721.436:ERROR:exception_snapshot_win.cc(99)] thread ID 19768 not found in process
[1203/171721.453:ERROR:process_reader_win.cc(123)] NtOpenThread: {Access Denied} A process has requested access to an object, but has not been granted those access rights. (0xc0000022)
[1203/171721.453:ERROR:exception_snapshot_win.cc(99)] thread ID 13180 not found in process
[1203/172405.454:ERROR:process_reader_win.cc(123)] NtOpenThread: {Access Denied} A process has requested access to an object, but has not been granted those access rights. (0xc0000022)
[1203/172405.454:ERROR:exception_snapshot_win.cc(99)] thread ID 15504 not found in process
[1203/172405.454:ERROR:process_reader_win.cc(123)] NtOpenThread: {Access Denied} A process has requested access to an object, but has not been granted those access rights. (0xc0000022)
[1203/172405.454:ERROR:exception_snapshot_win.cc(99)] thread ID 460 not found in process
[1203/172405.455:ERROR:process_reader_win.cc(123)] NtOpenThread: {Access Denied} A process has requested access to an object, but has not been granted those access rights. (0xc0000022)
[1203/172405.455:ERROR:exception_snapshot_win.cc(99)] thread ID 5032 not found in process
[1203/172405.473:ERROR:process_reader_win.cc(123)] NtOpenThread: {Access Denied} A process has requested access to an object, but has not been granted those access rights. (0xc0000022)
[1203/172405.473:ERROR:exception_snapshot_win.cc(99)] thread ID 6264 not found in process
[1203/172405.475:ERROR:process_reader_win.cc(123)] NtOpenThread: {Access Denied} A process has requested access to an object, but has not been granted those access rights. (0xc0000022)
[1203/172405.475:ERROR:exception_snapshot_win.cc(99)] thread ID 5436 not found in process
[1203/173018.884:ERROR:process_reader_win.cc(123)] NtOpenThread: {Access Denied} A process has requested access to an object, but has not been granted those access rights. (0xc0000022)
[1203/173018.885:ERROR:exception_snapshot_win.cc(99)] thread ID 9388 not found in process
[1203/173018.886:ERROR:process_reader_win.cc(123)] NtOpenThread: {Access Denied} A process has requested access to an object, but has not been granted those access rights. (0xc0000022)
[1203/173018.887:ERROR:exception_snapshot_win.cc(99)] thread ID 19896 not found in process
[1203/173018.889:ERROR:process_reader_win.cc(123)] NtOpenThread: {Access Denied} A process has requested access to an object, but has not been granted those access rights. (0xc0000022)
[1203/173018.890:ERROR:exception_snapshot_win.cc(99)] thread ID 10172 not found in process
[1203/173018.906:ERROR:process_reader_win.cc(123)] NtOpenThread: {Access Denied} A process has requested access to an object, but has not been granted those access rights. (0xc0000022)
[1203/173018.906:ERROR:exception_snapshot_win.cc(99)] thread ID 17828 not found in process
[1203/173018.910:ERROR:process_reader_win.cc(123)] NtOpenThread: {Access Denied} A process has requested access to an object, but has not been granted those access rights. (0xc0000022)
[1203/173018.911:ERROR:exception_snapshot_win.cc(99)] thread ID 15648 not found in process
[1203/173018.910:ERROR:process_reader_win.cc(123)] NtOpenThread: {Access Denied} A process has requested access to an object, but has not been granted those access rights. (0xc0000022)
[1203/173018.911:ERROR:exception_snapshot_win.cc(99)] thread ID 13620 not found in process
[1203/173018.947:ERROR:process_reader_win.cc(123)] NtOpenThread: {Access Denied} A process has requested access to an object, but has not been granted those access rights. (0xc0000022)
[1203/173018.947:ERROR:exception_snapshot_win.cc(99)] thread ID 2692 not found in process
[1203/173018.947:ERROR:process_reader_win.cc(123)] NtOpenThread: {Access Denied} A process has requested access to an object, but has not been granted those access rights. (0xc0000022)
[1203/173018.947:ERROR:exception_snapshot_win.cc(99)] thread ID 19296 not found in process
[1203/173018.951:ERROR:process_reader_win.cc(123)] NtOpenThread: {Access Denied} A process has requested access to an object, but has not been granted those access rights. (0xc0000022)
[1203/173018.951:ERROR:exception_snapshot_win.cc(99)] thread ID 7868 not found in process
[1203/173018.951:ERROR:process_reader_win.cc(123)] NtOpenThread: {Access Denied} A process has requested access to an object, but has not been granted those access rights. (0xc0000022)
[1203/173018.951:ERROR:exception_snapshot_win.cc(99)] thread ID 16064 not found in process
[1203/173018.952:ERROR:process_reader_win.cc(123)] NtOpenThread: {Access Denied} A process has requested access to an object, but has not been granted those access rights. (0xc0000022)
[1203/173018.952:ERROR:exception_snapshot_win.cc(99)] thread ID 11300 not found in process
[1203/173053.409:ERROR:process_reader_win.cc(123)] NtOpenThread: {Access Denied} A process has requested access to an object, but has not been granted those access rights. (0xc0000022)
[1203/173053.410:ERROR:exception_snapshot_win.cc(99)] thread ID 9972 not found in process
[1203/173053.410:ERROR:process_reader_win.cc(123)] NtOpenThread: {Access Denied} A process has requested access to an object, but has not been granted those access rights. (0xc0000022)
[1203/173053.410:ERROR:exception_snapshot_win.cc(99)] thread ID 19848 not found in process
[1203/173053.432:ERROR:process_reader_win.cc(123)] NtOpenThread: {Access Denied} A process has requested access to an object, but has not been granted those access rights. (0xc0000022)
[1203/173053.432:ERROR:exception_snapshot_win.cc(99)] thread ID 10468 not found in process
[1203/173053.432:ERROR:process_reader_win.cc(123)] NtOpenThread: {Access Denied} A process has requested access to an object, but has not been granted those access rights. (0xc0000022)
[1203/173053.432:ERROR:exception_snapshot_win.cc(99)] thread ID 19248 not found in process
[1203/173131.183:ERROR:process_reader_win.cc(123)] NtOpenThread: {Access Denied} A process has requested access to an object, but has not been granted those access rights. (0xc0000022)
[1203/173131.184:ERROR:exception_snapshot_win.cc(99)] thread ID 11780 not found in process
[1203/173131.205:ERROR:process_reader_win.cc(123)] NtOpenThread: {Access Denied} A process has requested access to an object, but has not been granted those access rights. (0xc0000022)
[1203/173131.205:ERROR:exception_snapshot_win.cc(99)] thread ID 17748 not found in process
[1203/173133.150:ERROR:process_reader_win.cc(123)] NtOpenThread: {Access Denied} A process has requested access to an object, but has not been granted those access rights. (0xc0000022)
[1203/173133.151:ERROR:exception_snapshot_win.cc(99)] thread ID 15520 not found in process
[1203/173133.164:ERROR:process_reader_win.cc(123)] NtOpenThread: {Access Denied} A process has requested access to an object, but has not been granted those access rights. (0xc0000022)
[1203/173133.164:ERROR:exception_snapshot_win.cc(99)] thread ID 3676 not found in process
